2018-10-19 11:20:36,887 [INFO] autotest.py line:93: Testsuite imported from Excel:
[
    {
        "id": "passport_001",
        "title": "登录",
        "condition": "BASE",
        "designer": "",
        "flag": "",
        "result": "",
        "remark": "",
        "priority": "H",
        "steps": [
            {
                "control": "",
                "no": "1",
                "keyword": "打开",
                "page": "",
                "element": "url#http://v3-yfb-portal.hd-cloud.com",
                "data": "标签页名=portal",
                "expected": "",
                "output": "",
                "score": "",
                "remark": "",
                "_keyword": "打开",
                "_element": "url#http://v3-yfb-portal.hd-cloud.com",
                "_data": "标签页名=portal",
                "vdata": "标签页名=portal",
                "_expected": "",
                "_output": ""
            },
            {
                "control": "",
                "no": "2",
                "keyword": "输入",
                "page": "登录页",
                "element": "用户名",
                "data": "w",
                "expected": "",
                "output": "",
                "score": "",
                "remark": "",
                "_keyword": "输入",
                "_element": "用户名",
                "_data": "w",
                "vdata": "w",
                "_expected": "",
                "_output": ""
            },
            {
                "control": "",
                "no": "3",
                "keyword": "输入",
                "page": "",
                "element": "密码",
                "data": "1",
                "expected": "",
                "output": "",
                "score": "",
                "remark": "",
                "_keyword": "输入",
                "_element": "密码",
                "_data": "1",
                "vdata": "1",
                "_expected": "",
                "_output": ""
            },
            {
                "control": "",
                "no": "4",
                "keyword": "点击",
                "page": "",
                "element": "立即登录",
                "data": "",
                "expected": "",
                "output": "",
                "score": "",
                "remark": "",
                "_keyword": "点击",
                "_element": "立即登录",
                "_data": "",
                "vdata": "",
                "_expected": "",
                "_output": ""
            },
            {
                "control": "",
                "no": "5",
                "keyword": "检查",
                "page": "",
                "element": "页面url",
                "data": "*portal",
                "expected": "",
                "output": "",
                "score": "",
                "remark": "",
                "_keyword": "检查",
                "_element": "页面url",
                "_data": "*portal",
                "vdata": "*portal",
                "_expected": "",
                "_output": ""
            }
        ]
    },
    {
        "id": "portal_001",
        "title": "跳转到首页",
        "condition": "SETUP",
        "designer": "",
        "flag": "",
        "result": "",
        "remark": "",
        "priority": "M",
        "steps": [
            {
                "control": "",
                "no": "1",
                "keyword": "点击",
                "page": "首页",
                "element": "logo",
                "data": "",
                "expected": "",
                "output": "",
                "score": "",
                "remark": "",
                "_keyword": "点击",
                "_element": "logo",
                "_data": "",
                "vdata": "",
                "_expected": "",
                "_output": ""
            },
            {
                "control": "",
                "no": "2",
                "keyword": "检查",
                "page": "",
                "element": "页面url",
                "data": "*portal",
                "expected": "",
                "output": "",
                "score": "",
                "remark": "",
                "_keyword": "检查",
                "_element": "页面url",
                "_data": "*portal",
                "vdata": "*portal",
                "_expected": "",
                "_output": ""
            }
        ]
    },
    {
        "id": "sy_001",
        "title": "部门新增",
        "condition": "",
        "designer": "",
        "flag": "",
        "result": "",
        "remark": "",
        "priority": "M",
        "steps": [
            {
                "control": "",
                "no": "1",
                "keyword": "点击",
                "page": "",
                "element": "菜单#系统管理",
                "data": "",
                "expected": "",
                "output": "",
                "score": "",
                "remark": "",
                "_keyword": "点击",
                "_element": "菜单#系统管理",
                "_data": "",
                "vdata": "",
                "_expected": "",
                "_output": ""
            },
            {
                "control": "",
                "no": "2",
                "keyword": "点击",
                "page": "",
                "element": "菜单#部门管理",
                "data": "",
                "expected": "",
                "output": "",
                "score": "",
                "remark": "",
                "_keyword": "点击",
                "_element": "菜单#部门管理",
                "_data": "",
                "vdata": "",
                "_expected": "",
                "_output": ""
            },
            {
                "control": "",
                "no": "3",
                "keyword": "点击",
                "page": "",
                "element": "左侧树#2",
                "data": "",
                "expected": "",
                "output": "",
                "score": "",
                "remark": "",
                "_keyword": "点击",
                "_element": "左侧树#2",
                "_data": "",
                "vdata": "",
                "_expected": "",
                "_output": ""
            },
            {
                "control": "",
                "no": "4",
                "keyword": "点击",
                "page": "",
                "element": "按钮#添加",
                "data": "",
                "expected": "",
                "output": "",
                "score": "",
                "remark": "",
                "_keyword": "点击",
                "_element": "按钮#添加",
                "_data": "",
                "vdata": "",
                "_expected": "",
                "_output": ""
            },
            {
                "control": "",
                "no": "5",
                "keyword": "点击",
                "page": "",
                "element": "文本框#组织编码",
                "data": "",
                "expected": "",
                "output": "",
                "score": "",
                "remark": "",
                "_keyword": "点击",
                "_element": "文本框#组织编码",
                "_data": "",
                "vdata": "",
                "_expected": "",
                "_output": ""
            },
            {
                "control": "",
                "no": "6",
                "keyword": "输入",
                "page": "",
                "element": "文本输入",
                "data": "<_组织编码>",
                "expected": "",
                "output": "",
                "score": "",
                "remark": "",
                "_keyword": "输入",
                "_element": "文本输入",
                "_data": "<_组织编码>",
                "vdata": "<_组织编码>",
                "_expected": "",
                "_output": ""
            },
            {
                "control": "",
                "no": "7",
                "keyword": "点击",
                "page": "",
                "element": "文本框#组织名称",
                "data": "",
                "expected": "",
                "output": "",
                "score": "",
                "remark": "",
                "_keyword": "点击",
                "_element": "文本框#组织名称",
                "_data": "",
                "vdata": "",
                "_expected": "",
                "_output": ""
            },
            {
                "control": "",
                "no": "8",
                "keyword": "输入",
                "page": "",
                "element": "文本输入",
                "data": "自动测试",
                "expected": "",
                "output": "",
                "score": "",
                "remark": "",
                "_keyword": "输入",
                "_element": "文本输入",
                "_data": "自动测试",
                "vdata": "自动测试",
                "_expected": "",
                "_output": ""
            },
            {
                "control": "",
                "no": "9",
                "keyword": "点击",
                "page": "",
                "element": "按钮#保存",
                "data": "",
                "expected": "",
                "output": "",
                "score": "",
                "remark": "",
                "_keyword": "点击",
                "_element": "按钮#保存",
                "_data": "",
                "vdata": "",
                "_expected": "",
                "_output": ""
            },
            {
                "control": "",
                "no": "10",
                "keyword": "检查",
                "page": "",
                "element": "提示#保存成功",
                "data": "",
                "expected": "",
                "output": "",
                "score": "",
                "remark": "",
                "_keyword": "检查",
                "_element": "提示#保存成功",
                "_data": "",
                "vdata": "",
                "_expected": "",
                "_output": ""
            }
        ]
    },
    {
        "id": "sy_002",
        "title": "员工新增",
        "condition": "",
        "designer": "",
        "flag": "",
        "result": "",
        "remark": "",
        "priority": "M",
        "steps": [
            {
                "control": "",
                "no": "1",
                "keyword": "点击",
                "page": "",
                "element": "菜单#系统管理",
                "data": "",
                "expected": "",
                "output": "",
                "score": "",
                "remark": "",
                "_keyword": "点击",
                "_element": "菜单#系统管理",
                "_data": "",
                "vdata": "",
                "_expected": "",
                "_output": ""
            },
            {
                "control": "",
                "no": "2",
                "keyword": "点击",
                "page": "",
                "element": "菜单#员工管理",
                "data": "",
                "expected": "",
                "output": "",
                "score": "",
                "remark": "",
                "_keyword": "点击",
                "_element": "菜单#员工管理",
                "_data": "",
                "vdata": "",
                "_expected": "",
                "_output": ""
            },
            {
                "control": "",
                "no": "3",
                "keyword": "点击",
                "page": "",
                "element": "按钮#添加",
                "data": "",
                "expected": "",
                "output": "",
                "score": "",
                "remark": "",
                "_keyword": "点击",
                "_element": "按钮#添加",
                "_data": "",
                "vdata": "",
                "_expected": "",
                "_output": ""
            },
            {
                "control": "",
                "no": "4",
                "keyword": "点击",
                "page": "",
                "element": "选择输入框#组织名称",
                "data": "",
                "expected": "",
                "output": "",
                "score": "",
                "remark": "",
                "_keyword": "点击",
                "_element": "选择输入框#组织名称",
                "_data": "",
                "vdata": "",
                "_expected": "",
                "_output": ""
            },
            {
                "control": "",
                "no": "5",
                "keyword": "双击",
                "page": "",
                "element": "弹出选择项#1",
                "data": "",
                "expected": "",
                "output": "",
                "score": "",
                "remark": "",
                "_keyword": "双击",
                "_element": "弹出选择项#1",
                "_data": "",
                "vdata": "",
                "_expected": "",
                "_output": ""
            },
            {
                "control": "",
                "no": "6",
                "keyword": "点击",
                "page": "",
                "element": "文本框#员工编码",
                "data": "",
                "expected": "",
                "output": "",
                "score": "",
                "remark": "",
                "_keyword": "点击",
                "_element": "文本框#员工编码",
                "_data": "",
                "vdata": "",
                "_expected": "",
                "_output": ""
            },
            {
                "control": "",
                "no": "7",
                "keyword": "输入",
                "page": "",
                "element": "文本输入",
                "data": "<_普通编码>",
                "expected": "",
                "output": "",
                "score": "",
                "remark": "",
                "_keyword": "输入",
                "_element": "文本输入",
                "_data": "<_普通编码>",
                "vdata": "<_普通编码>",
                "_expected": "",
                "_output": ""
            },
            {
                "control": "",
                "no": "8",
                "keyword": "点击",
                "page": "",
                "element": "文本框#姓名",
                "data": "",
                "expected": "",
                "output": "",
                "score": "",
                "remark": "",
                "_keyword": "点击",
                "_element": "文本框#姓名",
                "_data": "",
                "vdata": "",
                "_expected": "",
                "_output": ""
            },
            {
                "control": "",
                "no": "9",
                "keyword": "输入",
                "page": "",
                "element": "文本输入",
                "data": "自动测试",
                "expected": "",
                "output": "",
                "score": "",
                "remark": "",
                "_keyword": "输入",
                "_element": "文本输入",
                "_data": "自动测试",
                "vdata": "自动测试",
                "_expected": "",
                "_output": ""
            },
            {
                "control": "",
                "no": "10",
                "keyword": "点击",
                "page": "",
                "element": "文本框#人员手机号",
                "data": "",
                "expected": "",
                "output": "",
                "score": "",
                "remark": "",
                "_keyword": "点击",
                "_element": "文本框#人员手机号",
                "_data": "",
                "vdata": "",
                "_expected": "",
                "_output": ""
            },
            {
                "control": "",
                "no": "11",
                "keyword": "输入",
                "page": "",
                "element": "文本输入",
                "data": "<_人员手机号>",
                "expected": "",
                "output": "",
                "score": "",
                "remark": "",
                "_keyword": "输入",
                "_element": "文本输入",
                "_data": "<_人员手机号>",
                "vdata": "<_人员手机号>",
                "_expected": "",
                "_output": ""
            },
            {
                "control": "",
                "no": "12",
                "keyword": "点击",
                "page": "",
                "element": "按钮#保存",
                "data": "",
                "expected": "",
                "output": "",
                "score": "",
                "remark": "",
                "_keyword": "点击",
                "_element": "按钮#保存",
                "_data": "",
                "vdata": "",
                "_expected": "",
                "_output": ""
            },
            {
                "control": "",
                "no": "13",
                "keyword": "检查",
                "page": "",
                "element": "提示#保存成功",
                "data": "",
                "expected": "",
                "output": "",
                "score": "",
                "remark": "",
                "_keyword": "检查",
                "_element": "提示#保存成功",
                "_data": "",
                "vdata": "",
                "_expected": "",
                "_output": ""
            }
        ]
    }
]
2018-10-19 11:20:37,299 [INFO] autotest.py line:94: From Excel import testsuite success
2018-10-19 11:20:39,833 [INFO] testcase.py line:56: Run the TestCase: passport_001|登录
2018-10-19 11:20:39,834 [INFO] testcase.py line:73: Run the Step: 1|OPEN|url#http://v3-yfb-portal.hd-cloud.com
2018-10-19 11:20:40,803 [INFO] testcase.py line:148: Run the Step: 1|OPEN|通用-url#http://v3-yfb-portal.hd-cloud.com is Pass
2018-10-19 11:20:41,008 [INFO] testcase.py line:73: Run the Step: 2|INPUT|用户名
2018-10-19 11:20:41,616 [INFO] testcase.py line:148: Run the Step: 2|INPUT|登录页-用户名 is Pass
2018-10-19 11:20:41,818 [INFO] testcase.py line:73: Run the Step: 3|INPUT|密码
2018-10-19 11:20:42,422 [INFO] testcase.py line:148: Run the Step: 3|INPUT|登录页-密码 is Pass
2018-10-19 11:20:42,624 [INFO] testcase.py line:73: Run the Step: 4|CLICK|立即登录
2018-10-19 11:20:43,275 [INFO] testcase.py line:148: Run the Step: 4|CLICK|登录页-立即登录 is Pass
2018-10-19 11:20:43,477 [INFO] testcase.py line:73: Run the Step: 5|CHECK|页面url
2018-10-19 11:20:43,478 [INFO] web.py line:28: DATA:'*portal'
2018-10-19 11:20:43,944 [INFO] web.py line:29: REAL:'http://v3-yfb-portal.hd-cloud.com/'
2018-10-19 11:20:43,964 [INFO] testcase.py line:148: Run the Step: 5|CHECK|通用-页面url is Pass
2018-10-19 11:20:44,165 [INFO] testsuite.py line:98: Run the testcase: portal_001|跳转到首页 Skipped, because the flag=N or the condition=snippet
2018-10-19 11:20:44,167 [INFO] testsuite.py line:28: Start running the SETUP testcase...
2018-10-19 11:20:44,168 [INFO] testcase.py line:56: Run the TestCase: portal_001|跳转到首页
2018-10-19 11:20:44,169 [INFO] testcase.py line:73: Run the Step: 1|CLICK|logo
2018-10-19 11:20:53,090 [ERROR] testcase.py line:167: *** save the screenshot is fail ***
Traceback (most recent call last):
  File "E:\py_workspaces\sweetest\sweetest-master\sweetest\sweetest\testcase.py", line 105, in run
    getattr(web, step['keyword'].lower())(step)
  File "E:\py_workspaces\sweetest\sweetest-master\sweetest\sweetest\keywords\web.py", line 184, in click
    all_handles = g.driver.window_handles
  File "E:\Python36\lib\site-packages\selenium\webdriver\remote\webdriver.py", line 634, in window_handles
    return self.execute(Command.GET_WINDOW_HANDLES)['value']
  File "E:\Python36\lib\site-packages\selenium\webdriver\remote\webdriver.py", line 311, in execute
    self.error_handler.check_response(response)
  File "E:\Python36\lib\site-packages\selenium\webdriver\remote\errorhandler.py", line 237, in check_response
    raise exception_class(message, screen, stacktrace)
selenium.common.exceptions.WebDriverException: Message: chrome not reachable
  (Session info: chrome=68.0.3440.106)
  (Driver info: chromedriver=2.42.591088 (7b2b2dca23cca0862f674758c9a3933e685c27d5),platform=Windows NT 6.1.7601 SP1 x86_64)


During handling of the above exception, another exception occurred:

Traceback (most recent call last):
  File "E:\py_workspaces\sweetest\sweetest-master\sweetest\sweetest\testcase.py", line 165, in run
    g.driver.get_screenshot_as_file(snapshot_file)
  File "E:\Python36\lib\site-packages\selenium\webdriver\remote\webdriver.py", line 911, in get_screenshot_as_file
    png = self.get_screenshot_as_png()
  File "E:\Python36\lib\site-packages\selenium\webdriver\remote\webdriver.py", line 943, in get_screenshot_as_png
    return base64.b64decode(self.get_screenshot_as_base64().encode('ascii'))
  File "E:\Python36\lib\site-packages\selenium\webdriver\remote\webdriver.py", line 953, in get_screenshot_as_base64
    return self.execute(Command.SCREENSHOT)['value']
  File "E:\Python36\lib\site-packages\selenium\webdriver\remote\webdriver.py", line 311, in execute
    self.error_handler.check_response(response)
  File "E:\Python36\lib\site-packages\selenium\webdriver\remote\errorhandler.py", line 237, in check_response
    raise exception_class(message, screen, stacktrace)
selenium.common.exceptions.WebDriverException: Message: chrome not reachable
  (Session info: chrome=68.0.3440.106)
  (Driver info: chromedriver=2.42.591088 (7b2b2dca23cca0862f674758c9a3933e685c27d5),platform=Windows NT 6.1.7601 SP1 x86_64)

2018-10-19 11:20:53,107 [ERROR] testcase.py line:178: Run the Step: 1|CLICK|通用-logo is Failure
Traceback (most recent call last):
  File "E:\py_workspaces\sweetest\sweetest-master\sweetest\sweetest\testcase.py", line 105, in run
    getattr(web, step['keyword'].lower())(step)
  File "E:\py_workspaces\sweetest\sweetest-master\sweetest\sweetest\keywords\web.py", line 184, in click
    all_handles = g.driver.window_handles
  File "E:\Python36\lib\site-packages\selenium\webdriver\remote\webdriver.py", line 634, in window_handles
    return self.execute(Command.GET_WINDOW_HANDLES)['value']
  File "E:\Python36\lib\site-packages\selenium\webdriver\remote\webdriver.py", line 311, in execute
    self.error_handler.check_response(response)
  File "E:\Python36\lib\site-packages\selenium\webdriver\remote\errorhandler.py", line 237, in check_response
    raise exception_class(message, screen, stacktrace)
selenium.common.exceptions.WebDriverException: Message: chrome not reachable
  (Session info: chrome=68.0.3440.106)
  (Driver info: chromedriver=2.42.591088 (7b2b2dca23cca0862f674758c9a3933e685c27d5),platform=Windows NT 6.1.7601 SP1 x86_64)

2018-10-19 11:20:53,122 [INFO] testcase.py line:56: Run the TestCase: passport_001|登录
2018-10-19 11:20:53,124 [INFO] testcase.py line:73: Run the Step: 1|OPEN|通用-url#http://v3-yfb-portal.hd-cloud.com
2018-10-19 11:20:53,128 [WARNING] elements.py line:57: Page:通用 element:通用-url#http://v3-yfb-portal.hd-cloud.com is not exist
2018-10-19 11:21:05,131 [ERROR] testcase.py line:167: *** save the screenshot is fail ***
Traceback (most recent call last):
  File "E:\py_workspaces\sweetest\sweetest-master\sweetest\sweetest\testcase.py", line 105, in run
    getattr(web, step['keyword'].lower())(step)
  File "E:\py_workspaces\sweetest\sweetest-master\sweetest\sweetest\keywords\web.py", line 57, in open
    g.driver.get(value)
  File "E:\Python36\lib\site-packages\selenium\webdriver\remote\webdriver.py", line 323, in get
    self.execute(Command.GET, {'url': url})
  File "E:\Python36\lib\site-packages\selenium\webdriver\remote\webdriver.py", line 311, in execute
    self.error_handler.check_response(response)
  File "E:\Python36\lib\site-packages\selenium\webdriver\remote\errorhandler.py", line 237, in check_response
    raise exception_class(message, screen, stacktrace)
selenium.common.exceptions.WebDriverException: Message: chrome not reachable
  (Session info: chrome=68.0.3440.106)
  (Driver info: chromedriver=2.42.591088 (7b2b2dca23cca0862f674758c9a3933e685c27d5),platform=Windows NT 6.1.7601 SP1 x86_64)


During handling of the above exception, another exception occurred:

Traceback (most recent call last):
  File "E:\py_workspaces\sweetest\sweetest-master\sweetest\sweetest\testcase.py", line 165, in run
    g.driver.get_screenshot_as_file(snapshot_file)
  File "E:\Python36\lib\site-packages\selenium\webdriver\remote\webdriver.py", line 911, in get_screenshot_as_file
    png = self.get_screenshot_as_png()
  File "E:\Python36\lib\site-packages\selenium\webdriver\remote\webdriver.py", line 943, in get_screenshot_as_png
    return base64.b64decode(self.get_screenshot_as_base64().encode('ascii'))
  File "E:\Python36\lib\site-packages\selenium\webdriver\remote\webdriver.py", line 953, in get_screenshot_as_base64
    return self.execute(Command.SCREENSHOT)['value']
  File "E:\Python36\lib\site-packages\selenium\webdriver\remote\webdriver.py", line 311, in execute
    self.error_handler.check_response(response)
  File "E:\Python36\lib\site-packages\selenium\webdriver\remote\errorhandler.py", line 237, in check_response
    raise exception_class(message, screen, stacktrace)
selenium.common.exceptions.WebDriverException: Message: chrome not reachable
  (Session info: chrome=68.0.3440.106)
  (Driver info: chromedriver=2.42.591088 (7b2b2dca23cca0862f674758c9a3933e685c27d5),platform=Windows NT 6.1.7601 SP1 x86_64)

2018-10-19 11:21:05,139 [ERROR] testcase.py line:178: Run the Step: 1|OPEN|通用-url#http://v3-yfb-portal.hd-cloud.com is Failure
Traceback (most recent call last):
  File "E:\py_workspaces\sweetest\sweetest-master\sweetest\sweetest\testcase.py", line 105, in run
    getattr(web, step['keyword'].lower())(step)
  File "E:\py_workspaces\sweetest\sweetest-master\sweetest\sweetest\keywords\web.py", line 57, in open
    g.driver.get(value)
  File "E:\Python36\lib\site-packages\selenium\webdriver\remote\webdriver.py", line 323, in get
    self.execute(Command.GET, {'url': url})
  File "E:\Python36\lib\site-packages\selenium\webdriver\remote\webdriver.py", line 311, in execute
    self.error_handler.check_response(response)
  File "E:\Python36\lib\site-packages\selenium\webdriver\remote\errorhandler.py", line 237, in check_response
    raise exception_class(message, screen, stacktrace)
selenium.common.exceptions.WebDriverException: Message: chrome not reachable
  (Session info: chrome=68.0.3440.106)
  (Driver info: chromedriver=2.42.591088 (7b2b2dca23cca0862f674758c9a3933e685c27d5),platform=Windows NT 6.1.7601 SP1 x86_64)

2018-10-19 11:21:05,162 [INFO] testcase.py line:56: Run the TestCase: sy_001|部门新增
2018-10-19 11:21:05,163 [INFO] testcase.py line:73: Run the Step: 1|CLICK|菜单#系统管理
2018-10-19 11:21:22,605 [INFO] autotest.py line:93: Testsuite imported from Excel:
[
    {
        "id": "passport_001",
        "title": "登录",
        "condition": "BASE",
        "designer": "",
        "flag": "",
        "result": "",
        "remark": "",
        "priority": "H",
        "steps": [
            {
                "control": "",
                "no": "1",
                "keyword": "打开",
                "page": "",
                "element": "url#http://v3-yfb-portal.hd-cloud.com",
                "data": "标签页名=portal",
                "expected": "",
                "output": "",
                "score": "",
                "remark": "",
                "_keyword": "打开",
                "_element": "url#http://v3-yfb-portal.hd-cloud.com",
                "_data": "标签页名=portal",
                "vdata": "标签页名=portal",
                "_expected": "",
                "_output": ""
            },
            {
                "control": "",
                "no": "2",
                "keyword": "输入",
                "page": "登录页",
                "element": "用户名",
                "data": "w",
                "expected": "",
                "output": "",
                "score": "",
                "remark": "",
                "_keyword": "输入",
                "_element": "用户名",
                "_data": "w",
                "vdata": "w",
                "_expected": "",
                "_output": ""
            },
            {
                "control": "",
                "no": "3",
                "keyword": "输入",
                "page": "",
                "element": "密码",
                "data": "1",
                "expected": "",
                "output": "",
                "score": "",
                "remark": "",
                "_keyword": "输入",
                "_element": "密码",
                "_data": "1",
                "vdata": "1",
                "_expected": "",
                "_output": ""
            },
            {
                "control": "",
                "no": "4",
                "keyword": "点击",
                "page": "",
                "element": "立即登录",
                "data": "",
                "expected": "",
                "output": "",
                "score": "",
                "remark": "",
                "_keyword": "点击",
                "_element": "立即登录",
                "_data": "",
                "vdata": "",
                "_expected": "",
                "_output": ""
            },
            {
                "control": "",
                "no": "5",
                "keyword": "检查",
                "page": "",
                "element": "页面url",
                "data": "*portal",
                "expected": "",
                "output": "",
                "score": "",
                "remark": "",
                "_keyword": "检查",
                "_element": "页面url",
                "_data": "*portal",
                "vdata": "*portal",
                "_expected": "",
                "_output": ""
            }
        ]
    },
    {
        "id": "portal_001",
        "title": "跳转到首页",
        "condition": "SETUP",
        "designer": "",
        "flag": "",
        "result": "",
        "remark": "",
        "priority": "M",
        "steps": [
            {
                "control": "",
                "no": "1",
                "keyword": "点击",
                "page": "首页",
                "element": "logo",
                "data": "",
                "expected": "",
                "output": "",
                "score": "",
                "remark": "",
                "_keyword": "点击",
                "_element": "logo",
                "_data": "",
                "vdata": "",
                "_expected": "",
                "_output": ""
            },
            {
                "control": "",
                "no": "2",
                "keyword": "检查",
                "page": "",
                "element": "页面url",
                "data": "*portal",
                "expected": "",
                "output": "",
                "score": "",
                "remark": "",
                "_keyword": "检查",
                "_element": "页面url",
                "_data": "*portal",
                "vdata": "*portal",
                "_expected": "",
                "_output": ""
            }
        ]
    },
    {
        "id": "sy_001",
        "title": "部门新增",
        "condition": "",
        "designer": "",
        "flag": "",
        "result": "",
        "remark": "",
        "priority": "M",
        "steps": [
            {
                "control": "",
                "no": "1",
                "keyword": "点击",
                "page": "",
                "element": "菜单#系统管理",
                "data": "",
                "expected": "",
                "output": "",
                "score": "",
                "remark": "",
                "_keyword": "点击",
                "_element": "菜单#系统管理",
                "_data": "",
                "vdata": "",
                "_expected": "",
                "_output": ""
            },
            {
                "control": "",
                "no": "2",
                "keyword": "点击",
                "page": "",
                "element": "菜单#部门管理",
                "data": "",
                "expected": "",
                "output": "",
                "score": "",
                "remark": "",
                "_keyword": "点击",
                "_element": "菜单#部门管理",
                "_data": "",
                "vdata": "",
                "_expected": "",
                "_output": ""
            },
            {
                "control": "",
                "no": "3",
                "keyword": "点击",
                "page": "",
                "element": "左侧树#2",
                "data": "",
                "expected": "",
                "output": "",
                "score": "",
                "remark": "",
                "_keyword": "点击",
                "_element": "左侧树#2",
                "_data": "",
                "vdata": "",
                "_expected": "",
                "_output": ""
            },
            {
                "control": "",
                "no": "4",
                "keyword": "点击",
                "page": "",
                "element": "按钮#添加",
                "data": "",
                "expected": "",
                "output": "",
                "score": "",
                "remark": "",
                "_keyword": "点击",
                "_element": "按钮#添加",
                "_data": "",
                "vdata": "",
                "_expected": "",
                "_output": ""
            },
            {
                "control": "",
                "no": "5",
                "keyword": "点击",
                "page": "",
                "element": "文本框#组织编码",
                "data": "",
                "expected": "",
                "output": "",
                "score": "",
                "remark": "",
                "_keyword": "点击",
                "_element": "文本框#组织编码",
                "_data": "",
                "vdata": "",
                "_expected": "",
                "_output": ""
            },
            {
                "control": "",
                "no": "6",
                "keyword": "输入",
                "page": "",
                "element": "文本输入",
                "data": "<_组织编码>",
                "expected": "",
                "output": "",
                "score": "",
                "remark": "",
                "_keyword": "输入",
                "_element": "文本输入",
                "_data": "<_组织编码>",
                "vdata": "<_组织编码>",
                "_expected": "",
                "_output": ""
            },
            {
                "control": "",
                "no": "7",
                "keyword": "点击",
                "page": "",
                "element": "文本框#组织名称",
                "data": "",
                "expected": "",
                "output": "",
                "score": "",
                "remark": "",
                "_keyword": "点击",
                "_element": "文本框#组织名称",
                "_data": "",
                "vdata": "",
                "_expected": "",
                "_output": ""
            },
            {
                "control": "",
                "no": "8",
                "keyword": "输入",
                "page": "",
                "element": "文本输入",
                "data": "自动测试",
                "expected": "",
                "output": "",
                "score": "",
                "remark": "",
                "_keyword": "输入",
                "_element": "文本输入",
                "_data": "自动测试",
                "vdata": "自动测试",
                "_expected": "",
                "_output": ""
            },
            {
                "control": "",
                "no": "9",
                "keyword": "点击",
                "page": "",
                "element": "按钮#保存",
                "data": "",
                "expected": "",
                "output": "",
                "score": "",
                "remark": "",
                "_keyword": "点击",
                "_element": "按钮#保存",
                "_data": "",
                "vdata": "",
                "_expected": "",
                "_output": ""
            },
            {
                "control": "",
                "no": "10",
                "keyword": "检查",
                "page": "",
                "element": "提示#保存成功",
                "data": "",
                "expected": "",
                "output": "",
                "score": "",
                "remark": "",
                "_keyword": "检查",
                "_element": "提示#保存成功",
                "_data": "",
                "vdata": "",
                "_expected": "",
                "_output": ""
            }
        ]
    },
    {
        "id": "sy_002",
        "title": "员工新增",
        "condition": "",
        "designer": "",
        "flag": "",
        "result": "",
        "remark": "",
        "priority": "M",
        "steps": [
            {
                "control": "",
                "no": "1",
                "keyword": "点击",
                "page": "",
                "element": "菜单#系统管理",
                "data": "",
                "expected": "",
                "output": "",
                "score": "",
                "remark": "",
                "_keyword": "点击",
                "_element": "菜单#系统管理",
                "_data": "",
                "vdata": "",
                "_expected": "",
                "_output": ""
            },
            {
                "control": "",
                "no": "2",
                "keyword": "点击",
                "page": "",
                "element": "菜单#员工管理",
                "data": "",
                "expected": "",
                "output": "",
                "score": "",
                "remark": "",
                "_keyword": "点击",
                "_element": "菜单#员工管理",
                "_data": "",
                "vdata": "",
                "_expected": "",
                "_output": ""
            },
            {
                "control": "",
                "no": "3",
                "keyword": "点击",
                "page": "",
                "element": "按钮#添加",
                "data": "",
                "expected": "",
                "output": "",
                "score": "",
                "remark": "",
                "_keyword": "点击",
                "_element": "按钮#添加",
                "_data": "",
                "vdata": "",
                "_expected": "",
                "_output": ""
            },
            {
                "control": "",
                "no": "4",
                "keyword": "点击",
                "page": "",
                "element": "选择输入框#组织名称",
                "data": "",
                "expected": "",
                "output": "",
                "score": "",
                "remark": "",
                "_keyword": "点击",
                "_element": "选择输入框#组织名称",
                "_data": "",
                "vdata": "",
                "_expected": "",
                "_output": ""
            },
            {
                "control": "",
                "no": "5",
                "keyword": "双击",
                "page": "",
                "element": "弹出选择项#1",
                "data": "",
                "expected": "",
                "output": "",
                "score": "",
                "remark": "",
                "_keyword": "双击",
                "_element": "弹出选择项#1",
                "_data": "",
                "vdata": "",
                "_expected": "",
                "_output": ""
            },
            {
                "control": "",
                "no": "6",
                "keyword": "点击",
                "page": "",
                "element": "文本框#员工编码",
                "data": "",
                "expected": "",
                "output": "",
                "score": "",
                "remark": "",
                "_keyword": "点击",
                "_element": "文本框#员工编码",
                "_data": "",
                "vdata": "",
                "_expected": "",
                "_output": ""
            },
            {
                "control": "",
                "no": "7",
                "keyword": "输入",
                "page": "",
                "element": "文本输入",
                "data": "<_普通编码>",
                "expected": "",
                "output": "",
                "score": "",
                "remark": "",
                "_keyword": "输入",
                "_element": "文本输入",
                "_data": "<_普通编码>",
                "vdata": "<_普通编码>",
                "_expected": "",
                "_output": ""
            },
            {
                "control": "",
                "no": "8",
                "keyword": "点击",
                "page": "",
                "element": "文本框#姓名",
                "data": "",
                "expected": "",
                "output": "",
                "score": "",
                "remark": "",
                "_keyword": "点击",
                "_element": "文本框#姓名",
                "_data": "",
                "vdata": "",
                "_expected": "",
                "_output": ""
            },
            {
                "control": "",
                "no": "9",
                "keyword": "输入",
                "page": "",
                "element": "文本输入",
                "data": "自动测试",
                "expected": "",
                "output": "",
                "score": "",
                "remark": "",
                "_keyword": "输入",
                "_element": "文本输入",
                "_data": "自动测试",
                "vdata": "自动测试",
                "_expected": "",
                "_output": ""
            },
            {
                "control": "",
                "no": "10",
                "keyword": "点击",
                "page": "",
                "element": "文本框#人员手机号",
                "data": "",
                "expected": "",
                "output": "",
                "score": "",
                "remark": "",
                "_keyword": "点击",
                "_element": "文本框#人员手机号",
                "_data": "",
                "vdata": "",
                "_expected": "",
                "_output": ""
            },
            {
                "control": "",
                "no": "11",
                "keyword": "输入",
                "page": "",
                "element": "文本输入",
                "data": "<_人员手机号>",
                "expected": "",
                "output": "",
                "score": "",
                "remark": "",
                "_keyword": "输入",
                "_element": "文本输入",
                "_data": "<_人员手机号>",
                "vdata": "<_人员手机号>",
                "_expected": "",
                "_output": ""
            },
            {
                "control": "",
                "no": "12",
                "keyword": "点击",
                "page": "",
                "element": "按钮#保存",
                "data": "",
                "expected": "",
                "output": "",
                "score": "",
                "remark": "",
                "_keyword": "点击",
                "_element": "按钮#保存",
                "_data": "",
                "vdata": "",
                "_expected": "",
                "_output": ""
            },
            {
                "control": "",
                "no": "13",
                "keyword": "检查",
                "page": "",
                "element": "提示#保存成功",
                "data": "",
                "expected": "",
                "output": "",
                "score": "",
                "remark": "",
                "_keyword": "检查",
                "_element": "提示#保存成功",
                "_data": "",
                "vdata": "",
                "_expected": "",
                "_output": ""
            }
        ]
    }
]
2018-10-19 11:21:22,720 [INFO] autotest.py line:94: From Excel import testsuite success
2018-10-19 11:21:25,247 [INFO] testcase.py line:56: Run the TestCase: passport_001|登录
2018-10-19 11:21:25,249 [INFO] testcase.py line:73: Run the Step: 1|OPEN|url#http://v3-yfb-portal.hd-cloud.com
2018-10-19 11:21:26,224 [INFO] testcase.py line:148: Run the Step: 1|OPEN|通用-url#http://v3-yfb-portal.hd-cloud.com is Pass
2018-10-19 11:21:26,429 [INFO] testcase.py line:73: Run the Step: 2|INPUT|用户名
2018-10-19 11:21:27,064 [INFO] testcase.py line:148: Run the Step: 2|INPUT|登录页-用户名 is Pass
2018-10-19 11:21:27,266 [INFO] testcase.py line:73: Run the Step: 3|INPUT|密码
2018-10-19 11:21:27,868 [INFO] testcase.py line:148: Run the Step: 3|INPUT|登录页-密码 is Pass
2018-10-19 11:21:28,070 [INFO] testcase.py line:73: Run the Step: 4|CLICK|立即登录
2018-10-19 11:21:28,720 [INFO] testcase.py line:148: Run the Step: 4|CLICK|登录页-立即登录 is Pass
2018-10-19 11:21:28,922 [INFO] testcase.py line:73: Run the Step: 5|CHECK|页面url
2018-10-19 11:21:28,923 [INFO] web.py line:28: DATA:'*portal'
2018-10-19 11:21:29,404 [INFO] web.py line:29: REAL:'http://v3-yfb-portal.hd-cloud.com/'
2018-10-19 11:21:29,407 [INFO] testcase.py line:148: Run the Step: 5|CHECK|通用-页面url is Pass
2018-10-19 11:21:29,608 [INFO] testsuite.py line:98: Run the testcase: portal_001|跳转到首页 Skipped, because the flag=N or the condition=snippet
2018-10-19 11:21:29,610 [INFO] testsuite.py line:28: Start running the SETUP testcase...
2018-10-19 11:21:29,611 [INFO] testcase.py line:56: Run the TestCase: portal_001|跳转到首页
2018-10-19 11:21:29,612 [INFO] testcase.py line:73: Run the Step: 1|CLICK|logo
2018-10-19 11:21:30,830 [INFO] testcase.py line:148: Run the Step: 1|CLICK|通用-logo is Pass
2018-10-19 11:21:31,031 [INFO] testcase.py line:73: Run the Step: 2|CHECK|页面url
2018-10-19 11:21:31,033 [INFO] web.py line:28: DATA:'*portal'
2018-10-19 11:21:31,051 [INFO] web.py line:29: REAL:'http://v3-yfb-portal.hd-cloud.com/w0622'
2018-10-19 11:21:31,056 [INFO] testcase.py line:148: Run the Step: 2|CHECK|通用-页面url is Pass
2018-10-19 11:21:31,257 [INFO] testcase.py line:56: Run the TestCase: sy_001|部门新增
2018-10-19 11:21:31,259 [INFO] testcase.py line:73: Run the Step: 1|CLICK|菜单#系统管理
2018-10-19 11:21:31,922 [INFO] testcase.py line:148: Run the Step: 1|CLICK|通用-菜单#系统管理 is Pass
2018-10-19 11:21:32,127 [INFO] testcase.py line:73: Run the Step: 2|CLICK|菜单#部门管理
