<?xml version="1.0" ?>
<testsuites>
	<testsuite errors="0" errors_detail="H:0 M:0 L:0" failures="1" failures_detail="H:1 M:0 L:0" hostname="baidu" name="Baidu" tests="1" time="6.129351" timestamp="2018-10-16T16:22:10.122049">
		<testcase classname="BAIDU_001" name="搜索：自动化测试" priority="H" time="2.09612">
			<failure message="step-1|INPUT|百度搜索页面-搜索框: Message: unknown error: call function result missing 'value'
  (Session info: chrome=68.0.3440.106)
  (Driver info: chromedriver=2.33.506120 (e3e53437346286c0bc2d2dc9aa4915ba81d9023f),platform=Windows NT 6.1.7601 SP1 x86_64)
" type="Fail"/>
		</testcase>
	</testsuite>
</testsuites>
