<?xml version="1.0" ?>
<testsuites>
	<testsuite errors="0" errors_detail="H:0 M:0 L:0" failures="3" failures_detail="H:1 M:2 L:0" hostname="baidu" name="Baidu" tests="3" time="9.305533" timestamp="2018-10-12T11:24:09.355572">
		<testcase classname="BAIDU_001" name="搜索：自动化测试" priority="H" time="1.999114">
			<failure message="step-1|INPUT|百度搜索页面-搜索框: Message: unknown error: call function result missing 'value'
  (Session info: chrome=68.0.3440.106)
  (Driver info: chromedriver=2.33.506120 (e3e53437346286c0bc2d2dc9aa4915ba81d9023f),platform=Windows NT 6.1.7601 SP1 x86_64)
" type="Fail"/>
		</testcase>
		<testcase classname="BAIDU_002" name="搜索：搜狗" priority="M" time="1.449082">
			<failure message="" type="Fail"/>
		</testcase>
		<testcase classname="BAIDU_005" name="搜索：&lt;测试数据&gt;" priority="M" time="1.41108">
			<failure message="" type="Fail"/>
		</testcase>
	</testsuite>
</testsuites>
