<?xml version="1.0" ?>
<testsuites>
	<testsuite errors="0" errors_detail="H:0 M:0 L:0" failures="1" failures_detail="H:0 M:1 L:0" hostname="single" name="Prod3" tests="3" time="24.930426" timestamp="2018-11-13T15:23:50.212748">
		<testcase classname="login" name="登录" priority="H" time="4.164238"/>
		<testcase classname="sy_001" name="部门新增" priority="M" time="17.902024">
			<failure message="step-8|CHECK|通用-提示#保存成功: Message: no such window: target window already closed
from unknown error: web view not found
  (Session info: chrome=70.0.3538.77)
  (Driver info: chromedriver=2.43.600210 (68dcf5eebde37173d4027fa8635e332711d2874a),platform=Windows NT 6.1.7601 SP1 x86_64)
" type="Fail"/>
		</testcase>
		<testcase classname="sql_001" name="sql执行示例" priority="M" time="0.34202"/>
	</testsuite>
</testsuites>
