<?xml version="1.0" ?>
<testsuites>
	<testsuite errors="0" errors_detail="H:0 M:0 L:0" failures="2" failures_detail="H:0 M:2 L:0" hostname="single" name="Prod3" tests="4" time="28.883652" timestamp="2018-11-13T15:22:11.835121">
		<testcase classname="login" name="登录" priority="H" time="5.912338"/>
		<testcase classname="text_input" name="" priority="M" time="9.365536">
			<failure message="step-1|CLICK|通用-输入框#字段: Message: 
" type="Fail"/>
		</testcase>
		<testcase classname="sy_001" name="部门新增" priority="M" time="8.310475">
			<failure message="step-3|CLICK|通用-左侧树#2: Message: unknown error: Element &lt;span&gt;...&lt;/span&gt; is not clickable at point (251, 184). Other element would receive the click: &lt;span class=&quot;title&quot; style=&quot;margin-left: 0em;&quot;&gt;...&lt;/span&gt;
  (Session info: chrome=70.0.3538.77)
  (Driver info: chromedriver=2.43.600210 (68dcf5eebde37173d4027fa8635e332711d2874a),platform=Windows NT 6.1.7601 SP1 x86_64)
" type="Fail"/>
		</testcase>
		<testcase classname="sql_001" name="sql执行示例" priority="M" time="2.656152"/>
	</testsuite>
</testsuites>
