<?xml version="1.0" ?>
<testsuites>
	<testsuite errors="0" errors_detail="H:0 M:0 L:0" failures="1" failures_detail="H:0 M:1 L:0" hostname="sigle" name="Prod3" tests="2" time="14.426826" timestamp="2018-10-26T13:58:52.139544">
		<testcase classname="passport_001" name="登录" priority="H" time="4.300246"/>
		<testcase classname="sy_002" name="员工新增" priority="M" time="7.038403">
			<failure message="step-4|CLICK|通用-选择输入框#组织名称: Message: unknown error: Element &lt;div&gt;&lt;/div&gt; is not clickable at point (576, 126). Other element would receive the click: &lt;div class=&quot; container&quot;&gt;...&lt;/div&gt;
  (Session info: chrome=68.0.3440.106)
  (Driver info: chromedriver=2.42.591088 (7b2b2dca23cca0862f674758c9a3933e685c27d5),platform=Windows NT 6.1.7601 SP1 x86_64)
" type="Fail"/>
		</testcase>
	</testsuite>
</testsuites>
