<?xml version="1.0" ?>
<testsuites>
	<testsuite errors="0" errors_detail="H:0 M:0 L:0" failures="1" failures_detail="H:0 M:1 L:0" hostname="sigle" name="Prod3" tests="2" time="23.26033" timestamp="2018-10-26T15:01:39.161006">
		<testcase classname="passport_001" name="登录" priority="H" time="4.256243"/>
		<testcase classname="sy_002" name="员工新增" priority="M" time="16.327934">
			<failure message="step-13|CHECK|通用-提示#保存成功: Message: no such window: target window already closed
from unknown error: web view not found
  (Session info: chrome=68.0.3440.106)
  (Driver info: chromedriver=2.42.591088 (7b2b2dca23cca0862f674758c9a3933e685c27d5),platform=Windows NT 6.1.7601 SP1 x86_64)
" type="Fail"/>
		</testcase>
	</testsuite>
</testsuites>
