<?xml version="1.0" ?>
<testsuites>
	<testsuite errors="0" errors_detail="H:0 M:0 L:0" failures="1" failures_detail="H:0 M:1 L:0" hostname="single" name="Prod3" tests="2" time="12.298704" timestamp="2018-10-26T16:41:14.434333">
		<testcase classname="passport_001" name="登录" priority="H" time="4.597263"/>
		<testcase classname="sy_003" name="角色新增" priority="M" time="5.165296">
			<failure message="step-3|CLICK|通用-按钮#添加: Message: unknown error: Element &lt;a href=&quot;javascript:void(0);&quot; class=&quot;icon-right&quot;&gt;...&lt;/a&gt; is not clickable at point (418, 159). Other element would receive the click: &lt;div class=&quot; container&quot;&gt;...&lt;/div&gt;
  (Session info: chrome=68.0.3440.106)
  (Driver info: chromedriver=2.42.591088 (7b2b2dca23cca0862f674758c9a3933e685c27d5),platform=Windows NT 6.1.7601 SP1 x86_64)
" type="Fail"/>
		</testcase>
	</testsuite>
</testsuites>
