<?xml version="1.0" ?>
<testsuites>
	<testsuite errors="0" errors_detail="H:0 M:0 L:0" failures="1" failures_detail="H:0 M:1 L:0" hostname="sy" name="Sy" tests="2" time="11.580662" timestamp="2018-10-17T16:52:27.043566">
		<testcase classname="passport_001" name="登录" priority="H" time="4.619264"/>
		<testcase classname="sy_001" name="部门新增" priority="M" time="4.36525">
			<failure message="step-3|INPUT|通用-文本输入#组织编码: Message: invalid element state: Element must be user-editable in order to clear it.
  (Session info: chrome=68.0.3440.106)
  (Driver info: chromedriver=2.42.591088 (7b2b2dca23cca0862f674758c9a3933e685c27d5),platform=Windows NT 6.1.7601 SP1 x86_64)
" type="Fail"/>
		</testcase>
	</testsuite>
</testsuites>
